<?xml version="1.0" encoding="UTF-8"?>
<testng-results ignored="0" total="1" passed="1" failed="0" skipped="0">
  <reporter-output>
  </reporter-output>
  <suite started-at="2023-10-16T19:19:15 IST" name="Default suite" finished-at="2023-10-16T19:19:28 IST" duration-ms="12704">
    <groups>
    </groups>
    <test started-at="2023-10-16T19:19:15 IST" name="Default test" finished-at="2023-10-16T19:19:28 IST" duration-ms="12704">
      <class name="day1.TestbasicAuth">
        <test-method is-config="true" signature="setup()[pri:0, instance:day1.TestbasicAuth@46cdf8bd]" started-at="2023-10-16T19:19:15 IST" name="setup" finished-at="2023-10-16T19:19:22 IST" duration-ms="7159" status="PASS">
          <reporter-output>
          </reporter-output>
        </test-method> <!-- setup -->
        <test-method signature="TC1()[pri:0, instance:day1.TestbasicAuth@46cdf8bd]" started-at="2023-10-16T19:19:22 IST" name="TC1" finished-at="2023-10-16T19:19:28 IST" duration-ms="5437" status="PASS">
          <reporter-output>
          </reporter-output>
        </test-method> <!-- TC1 -->
      </class> <!-- day1.TestbasicAuth -->
    </test> <!-- Default test -->
  </suite> <!-- Default suite -->
</testng-results>
